AchievementPush 2019-12-31 01:25:10,248 WARNING 
				Missing achievement get_big_td_goth_gf for game 69lmao
				
AchievementPush 2019-12-31 01:25:10,252 WARNING 
				Missing achievement give_up_on_life for game 69lmao
				
AchievementPush 2019-12-31 01:25:10,253 INFO 
			Adding new achievement give_up_on_life to game 69lmao
			
AchievementPush 2019-12-31 01:26:22,084 WARNING 
				Missing achievement get_big_td_goth_gf for game 69lmao
				
AchievementPush 2019-12-31 01:26:22,085 WARNING 
				Missing achievement give_up_on_life for game 69lmao
				
AchievementPush 2019-12-31 01:26:22,088 INFO 
			Adding new achievement give_up_on_life to game 69lmao
			
AchievementPush 2019-12-31 01:27:23,196 WARNING 
				Missing achievement get_big_td_goth_gf for game 69lmao
				
AchievementPush 2019-12-31 01:27:23,213 WARNING 
				Missing achievement give_up_on_life for game 69lmao
				
AchievementPush 2019-12-31 01:27:23,215 INFO 
			Adding new achievement give_up_on_life to game 69lmao
			
AchievementPush 2019-12-31 01:35:56,966 WARNING 
				Missing achievement get_big_td_goth_gf for game 69lmao
				
AchievementPush 2019-12-31 01:35:56,967 WARNING 
				Missing achievement give_up_on_life for game 69lmao
				
AchievementPush 2019-12-31 01:35:56,972 INFO 
			Adding new achievement give_up_on_life to game 69lmao
			
AchievementPush 2019-12-31 01:36:53,802 WARNING 
				Missing achievement get_big_td_goth_gf for game 69lmao
				
AchievementPush 2019-12-31 01:36:53,807 WARNING 
				Missing achievement give_up_on_life for game 69lmao
				
AchievementPush 2019-12-31 01:36:53,808 INFO 
			Adding new achievement give_up_on_life to game 69lmao
			
AchievementPush 2019-12-31 01:41:48,831 WARNING 
				Missing achievement get_big_td_goth_gf for game 69lmao
				
AchievementPush 2019-12-31 01:41:48,832 WARNING 
				Missing achievement give_up_on_life for game 69lmao
				
AchievementPush 2019-12-31 01:41:48,834 INFO 
			Adding new achievement give_up_on_life to game 69lmao
			
AchievementPush 2019-12-31 01:42:14,066 WARNING 
				Missing achievement get_big_td_goth_gf for game 69lmao
				
AchievementPush 2019-12-31 01:42:14,067 WARNING 
				Missing achievement give_up_on_life for game 69lmao
				
AchievementPush 2019-12-31 01:42:14,069 INFO 
			Adding new achievement give_up_on_life to game 69lmao
			
AchievementPush 2019-12-31 01:42:58,836 WARNING 
				Missing achievement get_big_td_goth_gf for game 69lmao
				
AchievementPush 2019-12-31 01:42:58,837 WARNING 
				Missing achievement give_up_on_life for game 69lmao
				
AchievementPush 2019-12-31 01:42:58,839 INFO 
			Adding new achievement give_up_on_life to game 69lmao
			
AchievementPush 2019-12-31 01:43:10,348 WARNING 
				Missing achievement get_big_td_goth_gf for game 69lmao
				
AchievementPush 2019-12-31 01:43:10,349 WARNING 
				Missing achievement give_up_on_life for game 69lmao
				
AchievementPush 2019-12-31 01:43:10,350 INFO 
			Adding new achievement give_up_on_life to game 69lmao
			
AchievementPush 2019-12-31 01:44:07,241 WARNING 
				Missing achievement get_big_td_goth_gf for game 69lmao
				
AchievementPush 2019-12-31 01:44:07,244 WARNING 
				Missing achievement give_up_on_life for game 69lmao
				
AchievementPush 2019-12-31 01:44:07,249 INFO 
			Adding new achievement give_up_on_life to game 69lmao
			
AchievementPush 2019-12-31 01:59:11,474 WARNING 
				Missing achievement get_big_td_goth_gf for game 69lmao
				
AchievementPush 2019-12-31 01:59:11,475 WARNING 
				Missing achievement give_up_on_life for game 69lmao
				
AchievementPush 2019-12-31 01:59:11,478 INFO 
			Adding new achievement give_up_on_life to game 69lmao
			
AchievementPush 2019-12-31 01:59:42,052 WARNING 
				Missing achievement get_big_td_goth_gf for game 69lmao
				
AchievementPush 2019-12-31 01:59:42,053 WARNING 
				Missing achievement give_up_on_life for game 69lmao
				
AchievementPush 2019-12-31 01:59:42,055 INFO 
			Adding new achievement give_up_on_life to game 69lmao
			
AchievementPush 2019-12-31 02:07:25,624 WARNING 
				Missing achievement get_big_td_goth_gf for game 69lmao
				
AchievementPush 2019-12-31 02:07:25,625 WARNING 
				Missing achievement give_up_on_life for game 69lmao
				
AchievementPush 2019-12-31 02:07:25,628 INFO 
			Adding new achievement give_up_on_life to game 69lmao
			
AchievementPush 2019-12-31 02:13:36,479 WARNING 
				Missing achievement get_big_td_goth_gf for game 69lmao
				
AchievementPush 2019-12-31 02:13:36,481 WARNING 
				Missing achievement give_up_on_life for game 69lmao
				
AchievementPush 2019-12-31 02:13:36,483 INFO 
			Adding new achievement give_up_on_life to game 69lmao
			
AchievementPush 2019-12-31 02:19:04,006 WARNING 
				Missing achievement get_big_td_goth_gf for game 69lmao
				
AchievementPush 2019-12-31 02:19:04,007 WARNING 
				Missing achievement give_up_on_life for game 69lmao
				
AchievementPush 2019-12-31 02:19:04,009 INFO 
			Adding new achievement give_up_on_life to game 69lmao
			
AchievementPush 2019-12-31 02:19:39,551 WARNING 
				Missing achievement get_big_td_goth_gf for game 69lmao
				
AchievementPush 2019-12-31 02:19:39,552 WARNING 
				Missing achievement give_up_on_life for game 69lmao
				
AchievementPush 2019-12-31 02:19:39,556 INFO 
			Adding new achievement give_up_on_life to game 69lmao
			
AchievementPush 2019-12-31 02:20:11,752 WARNING 
				Missing achievement get_big_td_goth_gf for game 69lmao
				
AchievementPush 2019-12-31 02:20:11,754 WARNING 
				Missing achievement give_up_on_life for game 69lmao
				
AchievementPush 2019-12-31 02:20:11,756 INFO 
			Adding new achievement give_up_on_life to game 69lmao
			
AchievementPush 2019-12-31 02:22:12,350 WARNING 
				Missing achievement get_big_td_goth_gf for game 69lmao
				
AchievementPush 2019-12-31 02:22:12,351 WARNING 
				Missing achievement give_up_on_life for game 69lmao
				
AchievementPush 2019-12-31 02:22:12,355 INFO 
			Adding new achievement give_up_on_life to game 69lmao
			
AchievementPush 2019-12-31 02:22:21,975 WARNING 
				Missing achievement get_big_td_goth_gf for game 69lmao
				
AchievementPush 2019-12-31 02:22:21,976 WARNING 
				Missing achievement give_up_on_life for game 69lmao
				
AchievementPush 2019-12-31 02:22:21,979 INFO 
			Adding new achievement give_up_on_life to game 69lmao
			
AchievementPush 2019-12-31 02:23:11,312 WARNING 
				Missing achievement get_big_td_goth_gf for game 69lmao
				
AchievementPush 2019-12-31 02:23:11,313 WARNING 
				Missing achievement give_up_on_life for game 69lmao
				
AchievementPush 2019-12-31 02:23:11,316 INFO 
			Adding new achievement give_up_on_life to game 69lmao
			
AchievementPush 2019-12-31 02:24:10,330 WARNING 
				Missing achievement get_big_td_goth_gf for game 69lmao
				
AchievementPush 2019-12-31 02:24:10,331 WARNING 
				Missing achievement give_up_on_life for game 69lmao
				
AchievementPush 2019-12-31 02:24:10,334 INFO 
			Adding new achievement give_up_on_life to game 69lmao
			
