CheckedDB 2020-01-06 01:40:11,292 WARNING 
				Latest registered timeperiod 69lmao_2 for 69lmao was not a
				stagnation period
				
CheckedDB 2020-01-06 01:40:11,300 WARNING 
				Latest registered timeperiod 440_0 for 440 was not a
				stagnation period
				
CheckedDB 2020-01-06 01:40:11,308 WARNING 
				Latest registered timeperiod 1488_0 for 1488 was not a
				stagnation period
				
CheckedDB 2020-01-06 01:48:25,867 WARNING 
				Latest registered timeperiod 69lmao_2 for 69lmao was not a
				stagnation period
				
CheckedDB 2020-01-06 01:48:25,876 WARNING 
				Latest registered timeperiod 440_0 for 440 was not a
				stagnation period
				
CheckedDB 2020-01-06 01:48:25,884 WARNING 
				Latest registered timeperiod 1488_0 for 1488 was not a
				stagnation period
				
CheckedDB 2020-01-06 01:49:11,280 WARNING 
				Latest registered timeperiod 69lmao_2 for 69lmao was not a
				stagnation period
				
CheckedDB 2020-01-06 01:49:11,301 WARNING 
				Latest registered timeperiod 440_0 for 440 was not a
				stagnation period
				
CheckedDB 2020-01-06 01:49:11,327 WARNING 
				Latest registered timeperiod 1488_0 for 1488 was not a
				stagnation period
				
CheckedDB 2020-01-06 02:44:29,859 WARNING 
				Latest registered timeperiod 69lmao_2 for 69lmao was not a
				stagnation period
				
CheckedDB 2020-01-06 02:44:29,896 WARNING 
				Latest registered timeperiod 440_0 for 440 was not a
				stagnation period
				
CheckedDB 2020-01-06 02:44:29,912 WARNING 
				Latest registered timeperiod 1488_0 for 1488 was not a
				stagnation period
				
CheckedDB 2020-01-06 02:44:47,693 WARNING 
				Latest registered timeperiod 69lmao_2 for 69lmao was not a
				stagnation period
				
CheckedDB 2020-01-06 02:44:47,733 WARNING 
				Latest registered timeperiod 440_0 for 440 was not a
				stagnation period
				
CheckedDB 2020-01-06 02:44:47,748 WARNING 
				Latest registered timeperiod 1488_0 for 1488 was not a
				stagnation period
				
CheckedDB 2020-01-06 02:50:42,482 WARNING 
				Latest registered timeperiod 69lmao_2 for 69lmao was not a
				stagnation period
				
CheckedDB 2020-01-06 02:50:42,496 WARNING 
				Latest registered timeperiod 440_0 for 440 was not a
				stagnation period
				
CheckedDB 2020-01-06 02:50:42,511 WARNING 
				Latest registered timeperiod 1488_0 for 1488 was not a
				stagnation period
				
CheckedDB 2020-01-06 02:50:42,682 WARNING 
				Latest registered timeperiod 440_0 for 440 was not a
				stagnation period
				
CheckedDB 2020-01-06 02:50:42,689 INFO 
				Checklist is empty, loading new games
				
CheckedDB 2020-01-06 02:51:20,444 WARNING 
				Latest registered timeperiod 69lmao_2 for 69lmao was not a
				stagnation period
				
CheckedDB 2020-01-06 02:51:20,475 WARNING 
				Latest registered timeperiod 440_0 for 440 was not a
				stagnation period
				
CheckedDB 2020-01-06 02:51:20,493 WARNING 
				Latest registered timeperiod 1488_0 for 1488 was not a
				stagnation period
				
CheckedDB 2020-01-06 02:51:20,629 WARNING 
				Latest registered timeperiod 440_0 for 440 was not a
				stagnation period
				
CheckedDB 2020-01-06 02:51:20,631 INFO 
				Checklist is empty, loading new games
				
CheckedDB 2020-01-06 03:00:58,752 WARNING 
				Latest registered timeperiod 440_0 for 440 was not a
				stagnation period
				
CheckedDB 2020-01-06 03:00:58,755 INFO 
				Checklist is empty, loading new games
				
CheckedDB 2020-01-06 03:02:16,824 WARNING 
				Latest registered timeperiod 440_0 for 440 was not a
				stagnation period
				
CheckedDB 2020-01-06 03:02:16,826 INFO 
				Checklist is empty, loading new games
				
CheckedDB 2020-01-06 03:02:27,224 WARNING 
				Latest registered timeperiod 440_0 for 440 was not a
				stagnation period
				
CheckedDB 2020-01-06 03:02:27,226 INFO 
				Checklist is empty, loading new games
				
CheckedDB 2020-01-06 03:02:56,669 WARNING 
				Latest registered timeperiod 440_0 for 440 was not a
				stagnation period
				
CheckedDB 2020-01-06 03:02:56,673 INFO 
				Checklist is empty, loading new games
				
CheckedDB 2020-01-06 03:03:07,602 WARNING 
				Latest registered timeperiod 440_0 for 440 was not a
				stagnation period
				
CheckedDB 2020-01-06 03:03:07,604 INFO 
				Checklist is empty, loading new games
				
CheckedDB 2020-01-06 03:05:12,887 WARNING 
				Latest registered timeperiod 440_0 for 440 was not a
				stagnation period
				
CheckedDB 2020-01-06 03:05:12,889 INFO 
				Checklist is empty, loading new games
				
CheckedDB 2020-01-06 03:05:27,759 WARNING 
				Latest registered timeperiod 440_0 for 440 was not a
				stagnation period
				
CheckedDB 2020-01-06 03:05:27,760 INFO 
				Checklist is empty, loading new games
				
CheckedDB 2020-01-06 03:06:02,376 WARNING 
				Latest registered timeperiod 440_0 for 440 was not a
				stagnation period
				
CheckedDB 2020-01-06 03:06:02,378 INFO 
				Checklist is empty, loading new games
				
CheckedDB 2020-01-06 03:06:57,677 DEBUG Main checklist: ['440']
CheckedDB 2020-01-06 03:06:57,691 WARNING 
				Latest registered timeperiod 440_0 for 440 was not a
				stagnation period
				
CheckedDB 2020-01-06 03:06:57,697 INFO 
				Checklist is empty, loading new games
				
CheckedDB 2020-01-06 03:08:21,303 DEBUG Main checklist: ['440']
CheckedDB 2020-01-06 03:08:21,318 WARNING 
				Latest registered timeperiod 440_0 for 440 was not a
				stagnation period
				
CheckedDB 2020-01-06 03:08:21,321 INFO 
				Checklist is empty, loading new games
				
CheckedDB 2020-01-06 03:09:49,394 DEBUG Main checklist: ['4', '1', '1', '2', '3']
CheckedDB 2020-01-06 03:10:08,448 DEBUG Main checklist: [['4', '4', '0'], ['1', '4', '8', '8'], ['1', '0', '1'], ['2', '0', '2'], ['3', '0', '3']]
CheckedDB 2020-01-06 03:11:41,481 DEBUG Main checklist: ['440', '1488', '101', '202', '303']
CheckedDB 2020-01-06 03:11:41,496 WARNING 
				Latest registered timeperiod 440_0 for 440 was not a
				stagnation period
				
CheckedDB 2020-01-06 03:11:41,509 WARNING 
				Latest registered timeperiod 1488_0 for 1488 was not a
				stagnation period
				
CheckedDB 2020-01-06 03:12:02,917 DEBUG Main checklist: ['440', '1488', '101', '202', '303']
CheckedDB 2020-01-06 03:12:02,930 WARNING 
				Latest registered timeperiod 440_0 for 440 was not a
				stagnation period
				
CheckedDB 2020-01-06 03:12:02,944 WARNING 
				Latest registered timeperiod 1488_0 for 1488 was not a
				stagnation period
				
CheckedDB 2020-01-06 03:12:45,088 DEBUG Main checklist: ['440', '1488', '101', '202', '303']
CheckedDB 2020-01-06 03:12:45,099 WARNING 
				Latest registered timeperiod 440_0 for 440 was not a
				stagnation period
				
CheckedDB 2020-01-06 03:12:45,112 WARNING 
				Latest registered timeperiod 1488_0 for 1488 was not a
				stagnation period
				
CheckedDB 2020-01-06 03:13:19,050 DEBUG Main checklist: ['440', '1488', '101', '202', '303']
CheckedDB 2020-01-06 03:13:19,063 WARNING 
				Latest registered timeperiod 440_0 for 440 was not a
				stagnation period
				
CheckedDB 2020-01-06 03:13:19,076 WARNING 
				Latest registered timeperiod 1488_0 for 1488 was not a
				stagnation period
				
CheckedDB 2020-01-06 03:15:21,014 DEBUG Main checklist: ['440', '1488', '101', '202', '303']
CheckedDB 2020-01-06 03:15:21,030 WARNING 
				Latest registered timeperiod 440_0 for 440 was not a
				stagnation period
				
CheckedDB 2020-01-06 03:15:21,044 WARNING 
				Latest registered timeperiod 1488_0 for 1488 was not a
				stagnation period
				
CheckedDB 2020-01-06 03:15:56,905 DEBUG Main checklist: ['440', '1488', '101', '202', '303']
CheckedDB 2020-01-06 03:15:56,916 WARNING 
				Latest registered timeperiod 440_0 for 440 was not a
				stagnation period
				
CheckedDB 2020-01-06 03:15:56,930 WARNING 
				Latest registered timeperiod 1488_0 for 1488 was not a
				stagnation period
				
CheckedDB 2020-01-06 03:16:16,563 DEBUG Main checklist: ['440', '1488', '101', '202', '303']
CheckedDB 2020-01-06 03:16:16,579 WARNING 
				Latest registered timeperiod 440_0 for 440 was not a
				stagnation period
				
CheckedDB 2020-01-06 03:16:16,593 WARNING 
				Latest registered timeperiod 1488_0 for 1488 was not a
				stagnation period
				
CheckedDB 2020-01-06 03:16:35,448 DEBUG Main checklist: ['440', '1488', '101', '202', '303']
CheckedDB 2020-01-06 03:16:35,463 WARNING 
				Latest registered timeperiod 440_0 for 440 was not a
				stagnation period
				
CheckedDB 2020-01-06 03:16:35,476 WARNING 
				Latest registered timeperiod 1488_0 for 1488 was not a
				stagnation period
				
CheckedDB 2020-01-06 03:16:35,512 INFO 
				Checklist is empty, loading new games
				
