UserMainFunc 2020-02-09 00:04:37,639 WARNING 
			An error ocurred while requesting owned
			games for the user 76561198054930101
			
UserMainFunc 2020-02-09 00:05:10,850 WARNING 
			An error ocurred while requesting owned
			games for the user 76561198054930101
			
UserMainFunc 2020-02-09 00:05:48,357 WARNING 
			An error ocurred while requesting owned
			games for the user 76561198054930101
			
UserMainFunc 2020-02-09 00:06:26,569 WARNING 
			An error ocurred while requesting owned
			games for the user 76561198054930101
			
UserMainFunc 2020-02-09 00:07:50,694 INFO 
			Owned games for user 76561198054930101 correctly reviewed
			
UserMainFunc 2020-02-09 00:08:42,923 INFO 
			Owned games for user 76561198054930101 correctly reviewed
			
UserMainFunc 2020-02-09 01:09:50,868 INFO 
			Owned games for user 76561198054930101 correctly reviewed
			
UserMainFunc 2020-02-15 18:02:57,038 INFO 
			Owned games for user 76561198054930101 correctly reviewed
			
UserMainFunc 2020-02-15 18:21:07,479 INFO 
			Owned games for user 76561198054930101 correctly reviewed
			
UserMainFunc 2020-02-15 18:21:37,274 INFO 
			Owned games for user 76561198054930101 correctly reviewed
			
UserMainFunc 2020-02-15 18:22:34,313 INFO 
			Owned games for user 76561198054930101 correctly reviewed
			
UserMainFunc 2020-02-15 18:22:55,097 INFO 
			Owned games for user 76561198054930101 correctly reviewed
			
UserMainFunc 2020-02-15 18:23:15,893 INFO 
			Owned games for user 76561198054930101 correctly reviewed
			
UserMainFunc 2020-02-15 18:27:38,759 INFO 
			Owned games for user 76561198054930101 correctly reviewed
			
UserMainFunc 2020-02-15 18:35:16,195 INFO 
			Owned games for user 76561198054930101 correctly reviewed
			
UserMainFunc 2020-02-15 18:42:40,732 INFO 
			Owned games for user 76561198054930101 correctly reviewed
			
UserMainFunc 2020-02-15 19:10:58,986 INFO 
			Owned games for user 76561198054930101 correctly reviewed
			
